<?xml version="1.0" encoding="UTF-8"?>
<!-- Generated by org.testng.reporters.JUnitReportReporter -->
<testsuite hostname="DESKTOP-JNC398C" failures="0" tests="1" name="testNgExam.ImplementingTestNG" time="0.023" errors="0" timestamp="2024-08-10T13:04:02 IST" skipped="0">
  <testcase classname="testNgExam.ImplementingTestNG" name="sample" time="0.023"/>
  <system-out/>
</testsuite> <!-- testNgExam.ImplementingTestNG -->
