<?xml version="1.0" encoding="UTF-8"?>
<!-- Generated by org.testng.reporters.JUnitReportReporter -->
<testsuite hostname="DESKTOP-JNC398C" failures="0" tests="1" name="com.actitime.testScripts.Project" time="0.009" errors="0" timestamp="2024-08-17T20:00:34 IST" skipped="0">
  <testcase classname="com.actitime.testScripts.Project" name="createProject" time="0.009"/>
  <system-out>
    <![CDATA[SmokeTesrinProject
createProject]]>
  </system-out>
</testsuite> <!-- com.actitime.testScripts.Project -->
