<?xml version="1.0" encoding="UTF-8"?>
<!-- Generated by org.testng.reporters.JUnitReportReporter -->
<testsuite hostname="DESKTOP-JNC398C" failures="0" tests="1" name="com.actitime.testScripts.Checkout" time="1.101" errors="0" timestamp="2024-08-18T13:06:18 IST" skipped="0">
  <testcase classname="com.actitime.testScripts.Checkout" name="checkOut" time="1.101"/>
  <system-out>
    <![CDATA[CheckOUT]]>
  </system-out>
</testsuite> <!-- com.actitime.testScripts.Checkout -->
