<?xml version="1.0" encoding="UTF-8"?>
<!-- Generated by org.testng.reporters.JUnitReportReporter -->
<testsuite hostname="DESKTOP-JNC398C" failures="0" tests="2" name="assignments.CheckTheAnnotation" time="0.013" errors="0" timestamp="2024-08-13T23:27:01 IST" skipped="0">
  <testcase classname="assignments.CheckTheAnnotation" name="testMetho2" time="0.003"/>
  <system-out/>
  <testcase classname="assignments.CheckTheAnnotation" name="testMetho" time="0.010"/>
  <system-out/>
</testsuite> <!-- assignments.CheckTheAnnotation -->
