<?xml version="1.0" encoding="UTF-8"?>
<!-- Generated by org.testng.reporters.JUnitReportReporter -->
<testsuite hostname="DESKTOP-JNC398C" failures="0" tests="2" name="testNgExam.CheckRonProblem" time="0.036" errors="0" timestamp="2024-08-25T10:16:55 IST" skipped="0">
  <testcase classname="testNgExam.CheckRonProblem" name="Create_Customer" time="0.032"/>
  <system-out>
    <![CDATA[Customer is created Successfully]]>
  </system-out>
  <testcase classname="testNgExam.CheckRonProblem" name="Delete_Customer" time="0.004"/>
  <system-out>
    <![CDATA[Customer is Deleted Successfully]]>
  </system-out>
</testsuite> <!-- testNgExam.CheckRonProblem -->
