<?xml version="1.0" encoding="UTF-8"?>
<!-- Generated by org.testng.reporters.JUnitReportReporter -->
<testsuite hostname="DESKTOP-JNC398C" failures="0" tests="3" name="testNgExam.AnnotationClassExample" time="0.036" errors="0" timestamp="2024-08-11T11:03:26 IST" skipped="0">
  <testcase classname="testNgExam.AnnotationClassExample" name="modifyCustomer" time="0.008"/>
  <system-out>
    <![CDATA[ModifyCustomer]]>
  </system-out>
  <testcase classname="testNgExam.AnnotationClassExample" name="deleteCustomer" time="0.007"/>
  <system-out>
    <![CDATA[deleteCustomer]]>
  </system-out>
  <testcase classname="testNgExam.AnnotationClassExample" name="createCustomer" time="0.021"/>
  <system-out>
    <![CDATA[createCustomer]]>
  </system-out>
</testsuite> <!-- testNgExam.AnnotationClassExample -->
