<?xml version="1.0" encoding="UTF-8"?>
<!-- Generated by org.testng.reporters.JUnitReportReporter -->
<testsuite hostname="DESKTOP-JNC398C" failures="0" tests="2" name="com.actitime.testScripts.CustomerModule" time="0.004" errors="0" timestamp="2024-08-17T19:55:58 IST" skipped="0">
  <testcase classname="com.actitime.testScripts.CustomerModule" name="createCustomer" time="0.001"/>
  <system-out>
    <![CDATA[SmokeTest
createCustomer]]>
  </system-out>
  <testcase classname="com.actitime.testScripts.CustomerModule" name="modifyCustomer" time="0.003"/>
  <system-out>
    <![CDATA[RegressionTestInCustomermodule
modifyCustomer]]>
  </system-out>
</testsuite> <!-- com.actitime.testScripts.CustomerModule -->
