<?xml version="1.0" encoding="UTF-8"?>
<!-- Generated by org.testng.reporters.JUnitReportReporter -->
<testsuite hostname="DESKTOP-JNC398C" failures="0" tests="1" name="com.actitime.testScripts.AboutUs" time="10.747" errors="0" timestamp="2024-08-18T13:06:18 IST" skipped="0">
  <testcase classname="com.actitime.testScripts.AboutUs" name="gotoAboutus" time="10.747"/>
  <system-out>
    <![CDATA[gotoAboutUs]]>
  </system-out>
</testsuite> <!-- com.actitime.testScripts.AboutUs -->
