<?xml version="1.0" encoding="UTF-8"?>
<!-- Generated by org.testng.reporters.JUnitReportReporter -->
<testsuite hostname="DESKTOP-JNC398C" failures="0" tests="2" name="assignments.WorkingwithTestNG" time="0.018" errors="0" timestamp="2024-08-13T23:02:33 IST" skipped="0">
  <testcase classname="assignments.WorkingwithTestNG" name="a" time="0.016"/>
  <system-out/>
  <testcase classname="assignments.WorkingwithTestNG" name="c" time="0.002"/>
  <system-out/>
</testsuite> <!-- assignments.WorkingwithTestNG -->
